[INFO] Scanning for projects...
[INFO] 
[INFO] ---------------< com.example.application:foundry-hilla >----------------
[INFO] Building foundry-hilla 1.0-SNAPSHOT
[INFO] --------------------------------[ jar ]---------------------------------
[INFO] 
[INFO] >>> spring-boot-maven-plugin:2.6.4:run (default-cli) > test-compile @ foundry-hilla >>>
[INFO] 
[INFO] --- maven-resources-plugin:3.2.0:resources (default-resources) @ foundry-hilla ---
[INFO] Using 'UTF-8' encoding to copy filtered resources.
[INFO] Using 'UTF-8' encoding to copy filtered properties files.
[INFO] Copying 1 resource
[INFO] Copying 5 resources
[INFO] 
[INFO] --- hilla-maven-plugin:1.0.1:prepare-frontend (default) @ foundry-hilla ---
[INFO] Reflections took 2115 ms to scan 111 urls, producing 6157 keys and 32718 values
[INFO] Copying frontend resources from jar files ...
[INFO] Visited 110 resources. Took 130 ms.
[INFO] 
[INFO] --- maven-compiler-plugin:3.8.1:compile (default-compile) @ foundry-hilla ---
[INFO] Nothing to compile - all classes are up to date
[INFO] 
[INFO] --- maven-resources-plugin:3.2.0:testResources (default-testResources) @ foundry-hilla ---
[INFO] Using 'UTF-8' encoding to copy filtered resources.
[INFO] Using 'UTF-8' encoding to copy filtered properties files.
[INFO] skip non existing resourceDirectory /home/matthewcarltyson/foundry-hilla/src/test/resources
[INFO] 
[INFO] --- maven-compiler-plugin:3.8.1:testCompile (default-testCompile) @ foundry-hilla ---
[INFO] No sources to compile
[INFO] 
[INFO] <<< spring-boot-maven-plugin:2.6.4:run (default-cli) < test-compile @ foundry-hilla <<<
[INFO] 
[INFO] 
[INFO] --- spring-boot-maven-plugin:2.6.4:run (default-cli) @ foundry-hilla ---
[INFO] Attaching agents: []
22:49:05.417 [Thread-0] DEBUG org.springframework.boot.devtools.restart.classloader.RestartClassLoader - Created RestartClassLoader org.springframework.boot.devtools.restart.classloader.RestartClassLoader@7975876b
  __                           _                      _      _  _  _        
 / _|  ___   _   _  _ __    __| | _ __  _   _        | |__  (_)| || |  __ _ 
| |_  / _ \ | | | || '_ \  / _` || '__|| | | | _____ | '_ \ | || || | / _` |
|  _|| (_) || |_| || | | || (_| || |   | |_| ||_____|| | | || || || || (_| |
|_|   \___/  \__,_||_| |_| \__,_||_|    \__, |       |_| |_||_||_||_| \__,_|
                                        |___/                               

2022-03-16 22:49:05.865  INFO 8707 --- [  restartedMain] com.example.application.Application      : Starting Application using Java 11.0.14 on hilla with PID 8707 (/home/matthewcarltyson/foundry-hilla/target/classes started by matthewcarltyson in /home/matthewcarltyson/foundry-hilla)
2022-03-16 22:49:05.866  INFO 8707 --- [  restartedMain] com.example.application.Application      : No active profile set, falling back to 1 default profile: "default"
2022-03-16 22:49:05.918  INFO 8707 --- [  restartedMain] .e.DevToolsPropertyDefaultsPostProcessor : Devtools property defaults active! Set 'spring.devtools.add-properties' to 'false' to disable
2022-03-16 22:49:05.919  INFO 8707 --- [  restartedMain] .e.DevToolsPropertyDefaultsPostProcessor : For additional web related logging consider setting the 'logging.level.web' property to 'DEBUG'
2022-03-16 22:49:06.963  INFO 8707 --- [  restartedMain] o.s.b.w.embedded.tomcat.TomcatWebServer  : Tomcat initialized with port(s): 8080 (http)
2022-03-16 22:49:06.970  INFO 8707 --- [  restartedMain] o.apache.catalina.core.StandardService   : Starting service [Tomcat]
2022-03-16 22:49:06.971  INFO 8707 --- [  restartedMain] org.apache.catalina.core.StandardEngine  : Starting Servlet engine: [Apache Tomcat/9.0.58]
2022-03-16 22:49:07.029  INFO 8707 --- [  restartedMain] o.a.c.c.C.[Tomcat].[localhost].[/]       : Initializing Spring embedded WebApplicationContext
2022-03-16 22:49:07.029  INFO 8707 --- [  restartedMain] w.s.c.ServletWebServerApplicationContext : Root WebApplicationContext: initialization completed in 1109 ms
2022-03-16 22:49:07.129  INFO 8707 --- [  restartedMain] c.v.f.s.VaadinServletContextInitializer  : Search for VaadinAppShell took 15 ms
2022-03-16 22:49:07.424  INFO 8707 --- [  restartedMain] c.v.f.s.VaadinServletContextInitializer  : Search for subclasses and classes with annotations took 233 ms
2022-03-16 22:49:07.523  INFO 8707 --- [  restartedMain] c.v.b.d.startup.DevModeStartupListener   : Starting dev-mode updaters in /home/matthewcarltyson/foundry-hilla folder.
2022-03-16 22:49:07.540  INFO 8707 --- [  restartedMain] c.v.f.s.f.s.FullDependenciesScanner      : Visited 6 classes. Took 9 ms.
[94mVaadin application has been deployed and started to the context path "/".
[0m2022-03-16 22:49:08.102  INFO 8707 --- [  restartedMain] o.s.b.d.a.OptionalLiveReloadServer       : LiveReload server is running on port 35729
2022-03-16 22:49:08.259  INFO 8707 --- [  restartedMain] c.v.f.s.DefaultDeploymentConfiguration   : 
Vaadin is running in DEBUG MODE.
When deploying application for production, remember to disable debug features. See more from https://vaadin.com/docs/

The following EXPERIMENTAL features are enabled:
- Use Vite for faster front-end builds


2022-03-16 22:49:08.292  INFO 8707 --- [  restartedMain] o.s.b.w.embedded.tomcat.TomcatWebServer  : Tomcat started on port(s): 8080 (http) with context path ''
2022-03-16 22:49:08.308  INFO 8707 --- [  restartedMain] com.example.application.Application      : Started Application in 2.87 seconds (JVM running for 3.392)
2022-03-16 22:49:08.309  INFO 8707 --- [       Thread-4] i.s.c.v3.ignore.CodegenIgnoreProcessor   : No .swagger-codegen-ignore file found.
2022-03-16 22:49:08.468  INFO 8707 --- [       Thread-4] io.swagger.codegen.v3.AbstractGenerator  : writing file /home/matthewcarltyson/foundry-hilla/frontend/generated/com/example/application/NovelModel.ts
2022-03-16 22:49:08.488  INFO 8707 --- [       Thread-4] io.swagger.codegen.v3.AbstractGenerator  : writing file /home/matthewcarltyson/foundry-hilla/frontend/generated/com/example/application/Novel.ts
2022-03-16 22:49:08.534  INFO 8707 --- [       Thread-4] io.swagger.codegen.v3.AbstractGenerator  : writing file /home/matthewcarltyson/foundry-hilla/frontend/generated/MyEndpoint.ts
2022-03-16 22:49:08.539  INFO 8707 --- [       Thread-4] dev.hilla.generator.ClientAPIGenerator   : writing file /home/matthewcarltyson/foundry-hilla/frontend/generated/endpoints.ts
2022-03-16 22:49:08.645  INFO 8707 --- [       Thread-4] c.v.f.s.frontend.TaskUpdatePackages      : Skipping `npm install` because the frontend packages are already installed in the folder '/home/matthewcarltyson/foundry-hilla/node_modules' and the hash in the file '/home/matthewcarltyson/foundry-hilla/node_modules/.vaadin/vaadin.json' is the same as in 'package.json'
2022-03-16 22:49:08.646  INFO 8707 --- [       Thread-4] c.v.f.s.frontend.TaskCopyFrontendFiles   : Copying frontend resources from jar files ...
2022-03-16 22:49:08.662  INFO 8707 --- [       Thread-4] c.v.f.s.frontend.TaskCopyFrontendFiles   : Visited 3 resources. Took 16 ms.
2022-03-16 22:49:08.674  INFO 8707 --- [       Thread-9] c.v.b.devserver.AbstractDevServerRunner  : Starting Vite
2022-03-16 22:49:09.836  INFO 8707 --- [nio-8080-exec-1] o.a.c.c.C.[Tomcat].[localhost].[/]       : Initializing Spring DispatcherServlet 'dispatcherServlet'
2022-03-16 22:49:09.837  INFO 8707 --- [nio-8080-exec-1] o.s.web.servlet.DispatcherServlet        : Initializing Servlet 'dispatcherServlet'
2022-03-16 22:49:09.840  INFO 8707 --- [nio-8080-exec-1] o.s.web.servlet.DispatcherServlet        : Completed initialization in 3 ms
[38;5;35m
------------------ Starting Frontend compilation. ------------------
[0m2022-03-16 22:49:10.246  INFO 8707 --- [       Thread-9] c.v.b.devserver.AbstractDevServerRunner  : Running Vite to compile frontend resources. This may take a moment, please stand by...
2022-03-16 22:49:10.945  INFO 8707 --- [v-server-output] c.v.b.devserver.DevServerOutputTracker   : Searching themes folder '/home/matthewcarltyson/foundry-hilla/frontend/themes' for theme 'foundry-hilla'
2022-03-16 22:49:10.945  INFO 8707 --- [v-server-output] c.v.b.devserver.DevServerOutputTracker   : no assets to handle no static assets were copied
2022-03-16 22:49:10.949  INFO 8707 --- [v-server-output] c.v.b.devserver.DevServerOutputTracker   : Found theme files from '/home/matthewcarltyson/foundry-hilla/frontend/themes'
2022-03-16 22:49:11.234  INFO 8707 --- [v-server-output] c.v.b.devserver.DevServerOutputTracker   : 
2022-03-16 22:49:11.235  INFO 8707 --- [v-server-output] c.v.b.devserver.DevServerOutputTracker   :   vite v2.8.6 dev server running at:
2022-03-16 22:49:11.235  INFO 8707 --- [v-server-output] c.v.b.devserver.DevServerOutputTracker   : 
2022-03-16 22:49:11.244  INFO 8707 --- [v-server-output] c.v.b.devserver.DevServerOutputTracker   :   > Local: http://localhost:40323/VAADIN/
2022-03-16 22:49:11.244  INFO 8707 --- [v-server-output] c.v.b.devserver.DevServerOutputTracker   :   > Network: use `--host` to expose
2022-03-16 22:49:11.244  INFO 8707 --- [v-server-output] c.v.b.devserver.DevServerOutputTracker   : 
2022-03-16 22:49:11.244  INFO 8707 --- [v-server-output] c.v.b.devserver.DevServerOutputTracker   :   ready in 967ms.
[38;5;35m
----------------- Frontend compiled successfully. -----------------

[0m2022-03-16 22:49:11.245  INFO 8707 --- [v-server-output] c.v.b.devserver.DevServerOutputTracker   : 
2022-03-16 22:49:11.245  INFO 8707 --- [       Thread-9] c.v.b.devserver.AbstractDevServerRunner  : Started Vite. Time: 2571ms
2022-03-16 22:49:18.118  INFO 8707 --- [v-server-output] c.v.b.devserver.DevServerOutputTracker   : 
2022-03-16 22:49:18.119  INFO 8707 --- [v-server-output] c.v.b.devserver.DevServerOutputTracker   : Found 0 errors. Watching for file changes.
2022-03-16 22:51:57.997  INFO 8707 --- [v-server-output] c.v.b.devserver.DevServerOutputTracker   : [vite] page reload views/helloworld/hello-world-view.ts
2022-03-16 22:51:58.977  INFO 8707 --- [v-server-output] c.v.b.devserver.DevServerOutputTracker   : 
2022-03-16 22:51:58.978  INFO 8707 --- [v-server-output] c.v.b.devserver.DevServerOutputTracker   : Found 0 errors. Watching for file changes.
2022-03-16 22:51:59.383  INFO 8707 --- [v-server-output] c.v.b.devserver.DevServerOutputTracker   : 
2022-03-16 22:51:59.383  INFO 8707 --- [v-server-output] c.v.b.devserver.DevServerOutputTracker   : Found 0 errors. Watching for file changes.
2022-03-16 22:52:59.852  INFO 8707 --- [v-server-output] c.v.b.devserver.DevServerOutputTracker   : [vite] page reload views/helloworld/hello-world-view.ts
2022-03-16 22:53:00.360  INFO 8707 --- [v-server-output] c.v.b.devserver.DevServerOutputTracker   : 
2022-03-16 22:53:00.360  INFO 8707 --- [v-server-output] c.v.b.devserver.DevServerOutputTracker   :  ERROR(TypeScript)  ':' expected.
2022-03-16 22:53:00.360  INFO 8707 --- [v-server-output] c.v.b.devserver.DevServerOutputTracker   :  FILE  /home/matthewcarltyson/foundry-hilla/frontend/views/helloworld/hello-world-view.ts:62:57
2022-03-16 22:53:00.360  INFO 8707 --- [v-server-output] c.v.b.devserver.DevServerOutputTracker   : 
2022-03-16 22:53:00.360  INFO 8707 --- [v-server-output] c.v.b.devserver.DevServerOutputTracker   :     60 |   async initNovels(){
2022-03-16 22:53:00.360  INFO 8707 --- [v-server-output] c.v.b.devserver.DevServerOutputTracker   :     61 |       //this.novels = await getNovels();
2022-03-16 22:53:00.360  INFO 8707 --- [v-server-output] c.v.b.devserver.DevServerOutputTracker   :   > 62 |       this.novels = [{"author":"foo","title":"bar"},{"1","2"}];
2022-03-16 22:53:00.361  INFO 8707 --- [v-server-output] c.v.b.devserver.DevServerOutputTracker   :        |                                                         ^
2022-03-16 22:53:00.361  INFO 8707 --- [v-server-output] c.v.b.devserver.DevServerOutputTracker   :     63 |   }
2022-03-16 22:53:00.361  INFO 8707 --- [v-server-output] c.v.b.devserver.DevServerOutputTracker   :     64 |
2022-03-16 22:53:00.361  INFO 8707 --- [v-server-output] c.v.b.devserver.DevServerOutputTracker   :     65 | }
2022-03-16 22:53:00.361  INFO 8707 --- [v-server-output] c.v.b.devserver.DevServerOutputTracker   : 
2022-03-16 22:53:00.361  INFO 8707 --- [v-server-output] c.v.b.devserver.DevServerOutputTracker   :  ERROR(TypeScript)  ':' expected.
2022-03-16 22:53:00.361  INFO 8707 --- [v-server-output] c.v.b.devserver.DevServerOutputTracker   :  FILE  /home/matthewcarltyson/foundry-hilla/frontend/views/helloworld/hello-world-view.ts:62:61
2022-03-16 22:53:00.361  INFO 8707 --- [v-server-output] c.v.b.devserver.DevServerOutputTracker   : 
2022-03-16 22:53:00.361  INFO 8707 --- [v-server-output] c.v.b.devserver.DevServerOutputTracker   :     60 |   async initNovels(){
2022-03-16 22:53:00.361  INFO 8707 --- [v-server-output] c.v.b.devserver.DevServerOutputTracker   :     61 |       //this.novels = await getNovels();
2022-03-16 22:53:00.362  INFO 8707 --- [v-server-output] c.v.b.devserver.DevServerOutputTracker   :   > 62 |       this.novels = [{"author":"foo","title":"bar"},{"1","2"}];
2022-03-16 22:53:00.363  INFO 8707 --- [v-server-output] c.v.b.devserver.DevServerOutputTracker   :        |                                                             ^
2022-03-16 22:53:00.363  INFO 8707 --- [v-server-output] c.v.b.devserver.DevServerOutputTracker   :     63 |   }
2022-03-16 22:53:00.363  INFO 8707 --- [v-server-output] c.v.b.devserver.DevServerOutputTracker   :     64 |
2022-03-16 22:53:00.363  INFO 8707 --- [v-server-output] c.v.b.devserver.DevServerOutputTracker   :     65 | }
2022-03-16 22:53:00.363  INFO 8707 --- [v-server-output] c.v.b.devserver.DevServerOutputTracker   : 
2022-03-16 22:53:00.363  INFO 8707 --- [v-server-output] c.v.b.devserver.DevServerOutputTracker   : Found 2 errors. Watching for file changes.
2022-03-16 22:53:01.237  INFO 8707 --- [v-server-output] c.v.b.devserver.DevServerOutputTracker   : 
2022-03-16 22:53:01.237  INFO 8707 --- [v-server-output] c.v.b.devserver.DevServerOutputTracker   :  ERROR(TypeScript)  ':' expected.
2022-03-16 22:53:01.237  INFO 8707 --- [v-server-output] c.v.b.devserver.DevServerOutputTracker   :  FILE  /home/matthewcarltyson/foundry-hilla/frontend/views/helloworld/hello-world-view.ts:62:57
2022-03-16 22:53:01.238  INFO 8707 --- [v-server-output] c.v.b.devserver.DevServerOutputTracker   : 
2022-03-16 22:53:01.238  INFO 8707 --- [v-server-output] c.v.b.devserver.DevServerOutputTracker   :     60 |   async initNovels(){
2022-03-16 22:53:01.238  INFO 8707 --- [v-server-output] c.v.b.devserver.DevServerOutputTracker   :     61 |       //this.novels = await getNovels();
2022-03-16 22:53:01.238  INFO 8707 --- [v-server-output] c.v.b.devserver.DevServerOutputTracker   :   > 62 |       this.novels = [{"author":"foo","title":"bar"},{"1","2"}];
2022-03-16 22:53:01.238  INFO 8707 --- [v-server-output] c.v.b.devserver.DevServerOutputTracker   :        |                                                         ^
2022-03-16 22:53:01.238  INFO 8707 --- [v-server-output] c.v.b.devserver.DevServerOutputTracker   :     63 |   }
2022-03-16 22:53:01.238  INFO 8707 --- [v-server-output] c.v.b.devserver.DevServerOutputTracker   :     64 |
2022-03-16 22:53:01.238  INFO 8707 --- [v-server-output] c.v.b.devserver.DevServerOutputTracker   :     65 | }
2022-03-16 22:53:01.238  INFO 8707 --- [v-server-output] c.v.b.devserver.DevServerOutputTracker   : 
2022-03-16 22:53:01.238  INFO 8707 --- [v-server-output] c.v.b.devserver.DevServerOutputTracker   :  ERROR(TypeScript)  ':' expected.
2022-03-16 22:53:01.238  INFO 8707 --- [v-server-output] c.v.b.devserver.DevServerOutputTracker   :  FILE  /home/matthewcarltyson/foundry-hilla/frontend/views/helloworld/hello-world-view.ts:62:61
2022-03-16 22:53:01.238  INFO 8707 --- [v-server-output] c.v.b.devserver.DevServerOutputTracker   : 
2022-03-16 22:53:01.238  INFO 8707 --- [v-server-output] c.v.b.devserver.DevServerOutputTracker   :     60 |   async initNovels(){
2022-03-16 22:53:01.239  INFO 8707 --- [v-server-output] c.v.b.devserver.DevServerOutputTracker   :     61 |       //this.novels = await getNovels();
2022-03-16 22:53:01.239  INFO 8707 --- [v-server-output] c.v.b.devserver.DevServerOutputTracker   :   > 62 |       this.novels = [{"author":"foo","title":"bar"},{"1","2"}];
2022-03-16 22:53:01.239  INFO 8707 --- [v-server-output] c.v.b.devserver.DevServerOutputTracker   :        |                                                             ^
2022-03-16 22:53:01.239  INFO 8707 --- [v-server-output] c.v.b.devserver.DevServerOutputTracker   :     63 |   }
2022-03-16 22:53:01.239  INFO 8707 --- [v-server-output] c.v.b.devserver.DevServerOutputTracker   :     64 |
2022-03-16 22:53:01.239  INFO 8707 --- [v-server-output] c.v.b.devserver.DevServerOutputTracker   :     65 | }
2022-03-16 22:53:01.239  INFO 8707 --- [v-server-output] c.v.b.devserver.DevServerOutputTracker   : 
2022-03-16 22:53:01.239  INFO 8707 --- [v-server-output] c.v.b.devserver.DevServerOutputTracker   : Found 2 errors. Watching for file changes.
2022-03-16 22:53:17.139  INFO 8707 --- [v-server-output] c.v.b.devserver.DevServerOutputTracker   : [vite] Internal server error: Transform failed with 1 error:
2022-03-16 22:53:17.139  INFO 8707 --- [v-server-output] c.v.b.devserver.DevServerOutputTracker   : /home/matthewcarltyson/foundry-hilla/frontend/views/helloworld/hello-world-view.ts:62:56: ERROR: Expected ":" but found ","
2022-03-16 22:53:17.139  INFO 8707 --- [v-server-output] c.v.b.devserver.DevServerOutputTracker   :   Plugin: vite:esbuild
2022-03-16 22:53:17.139  INFO 8707 --- [v-server-output] c.v.b.devserver.DevServerOutputTracker   :   File: /home/matthewcarltyson/foundry-hilla/frontend/views/helloworld/hello-world-view.ts
2022-03-16 22:53:17.139  INFO 8707 --- [v-server-output] c.v.b.devserver.DevServerOutputTracker   :   
2022-03-16 22:53:17.139  INFO 8707 --- [v-server-output] c.v.b.devserver.DevServerOutputTracker   :   Expected ":" but found ","
2022-03-16 22:53:17.139  INFO 8707 --- [v-server-output] c.v.b.devserver.DevServerOutputTracker   :   60 |    async initNovels(){
2022-03-16 22:53:17.139  INFO 8707 --- [v-server-output] c.v.b.devserver.DevServerOutputTracker   :   61 |        //this.novels = await getNovels();
2022-03-16 22:53:17.139  INFO 8707 --- [v-server-output] c.v.b.devserver.DevServerOutputTracker   :   62 |        this.novels = [{"author":"foo","title":"bar"},{"1","2"}];
2022-03-16 22:53:17.140  INFO 8707 --- [v-server-output] c.v.b.devserver.DevServerOutputTracker   :      |                                                          ^
2022-03-16 22:53:17.140  INFO 8707 --- [v-server-output] c.v.b.devserver.DevServerOutputTracker   :   63 |    }
2022-03-16 22:53:17.140  INFO 8707 --- [v-server-output] c.v.b.devserver.DevServerOutputTracker   :   64 |  
2022-03-16 22:53:17.140  INFO 8707 --- [v-server-output] c.v.b.devserver.DevServerOutputTracker   :   
2022-03-16 22:53:17.140  INFO 8707 --- [v-server-output] c.v.b.devserver.DevServerOutputTracker   :       at failureErrorWithLog (/home/matthewcarltyson/foundry-hilla/node_modules/vite/node_modules/esbuild/lib/main.js:1599:15)
2022-03-16 22:53:17.140  INFO 8707 --- [v-server-output] c.v.b.devserver.DevServerOutputTracker   :       at /home/matthewcarltyson/foundry-hilla/node_modules/vite/node_modules/esbuild/lib/main.js:1388:29
2022-03-16 22:53:17.140  INFO 8707 --- [v-server-output] c.v.b.devserver.DevServerOutputTracker   :       at /home/matthewcarltyson/foundry-hilla/node_modules/vite/node_modules/esbuild/lib/main.js:662:9
2022-03-16 22:53:17.140  INFO 8707 --- [v-server-output] c.v.b.devserver.DevServerOutputTracker   :       at handleIncomingPacket (/home/matthewcarltyson/foundry-hilla/node_modules/vite/node_modules/esbuild/lib/main.js:759:9)
2022-03-16 22:53:17.140  INFO 8707 --- [v-server-output] c.v.b.devserver.DevServerOutputTracker   :       at Socket.readFromStdout (/home/matthewcarltyson/foundry-hilla/node_modules/vite/node_modules/esbuild/lib/main.js:629:7)
2022-03-16 22:53:17.140  INFO 8707 --- [v-server-output] c.v.b.devserver.DevServerOutputTracker   :       at Socket.emit (node:events:527:28)
2022-03-16 22:53:17.140  INFO 8707 --- [v-server-output] c.v.b.devserver.DevServerOutputTracker   :       at addChunk (node:internal/streams/readable:324:12)
2022-03-16 22:53:17.140  INFO 8707 --- [v-server-output] c.v.b.devserver.DevServerOutputTracker   :       at readableAddChunk (node:internal/streams/readable:297:9)
2022-03-16 22:53:17.140  INFO 8707 --- [v-server-output] c.v.b.devserver.DevServerOutputTracker   :       at Socket.Readable.push (node:internal/streams/readable:234:10)
2022-03-16 22:53:17.140  INFO 8707 --- [v-server-output] c.v.b.devserver.DevServerOutputTracker   :       at Pipe.onStreamRead (node:internal/stream_base_commons:190:23)
2022-03-16 22:53:31.460  INFO 8707 --- [v-server-output] c.v.b.devserver.DevServerOutputTracker   : [vite] page reload views/helloworld/hello-world-view.ts
2022-03-16 22:53:31.933  INFO 8707 --- [v-server-output] c.v.b.devserver.DevServerOutputTracker   : 
2022-03-16 22:53:31.933  INFO 8707 --- [v-server-output] c.v.b.devserver.DevServerOutputTracker   : Found 0 errors. Watching for file changes.
2022-03-16 22:53:32.837  INFO 8707 --- [v-server-output] c.v.b.devserver.DevServerOutputTracker   : 
2022-03-16 22:53:32.837  INFO 8707 --- [v-server-output] c.v.b.devserver.DevServerOutputTracker   : Found 0 errors. Watching for file changes.
2022-03-16 22:54:11.012  INFO 8707 --- [v-server-output] c.v.b.devserver.DevServerOutputTracker   : [vite] page reload views/helloworld/hello-world-view.ts
2022-03-16 22:54:11.445  INFO 8707 --- [v-server-output] c.v.b.devserver.DevServerOutputTracker   : 
2022-03-16 22:54:11.445  INFO 8707 --- [v-server-output] c.v.b.devserver.DevServerOutputTracker   : Found 0 errors. Watching for file changes.
2022-03-16 22:54:12.385  INFO 8707 --- [v-server-output] c.v.b.devserver.DevServerOutputTracker   : 
2022-03-16 22:54:12.385  INFO 8707 --- [v-server-output] c.v.b.devserver.DevServerOutputTracker   : Found 0 errors. Watching for file changes.
2022-03-16 22:55:40.701  INFO 8707 --- [v-server-output] c.v.b.devserver.DevServerOutputTracker   : [vite] page reload views/helloworld/hello-world-view.ts
2022-03-16 22:55:41.027  INFO 8707 --- [v-server-output] c.v.b.devserver.DevServerOutputTracker   : 
2022-03-16 22:55:41.027  INFO 8707 --- [v-server-output] c.v.b.devserver.DevServerOutputTracker   : Found 0 errors. Watching for file changes.
2022-03-16 22:55:42.109  INFO 8707 --- [v-server-output] c.v.b.devserver.DevServerOutputTracker   : 
2022-03-16 22:55:42.109  INFO 8707 --- [v-server-output] c.v.b.devserver.DevServerOutputTracker   : Found 0 errors. Watching for file changes.
2022-03-16 22:56:29.484  INFO 8707 --- [v-server-output] c.v.b.devserver.DevServerOutputTracker   : [vite] page reload views/helloworld/hello-world-view.ts
2022-03-16 22:56:29.862  INFO 8707 --- [v-server-output] c.v.b.devserver.DevServerOutputTracker   : 
2022-03-16 22:56:29.862  INFO 8707 --- [v-server-output] c.v.b.devserver.DevServerOutputTracker   : Found 0 errors. Watching for file changes.
2022-03-16 22:56:30.866  INFO 8707 --- [v-server-output] c.v.b.devserver.DevServerOutputTracker   : 
2022-03-16 22:56:30.866  INFO 8707 --- [v-server-output] c.v.b.devserver.DevServerOutputTracker   : Found 0 errors. Watching for file changes.
2022-03-16 22:57:00.916  INFO 8707 --- [v-server-output] c.v.b.devserver.DevServerOutputTracker   : [vite] page reload views/helloworld/hello-world-view.ts
2022-03-16 22:57:01.455  INFO 8707 --- [v-server-output] c.v.b.devserver.DevServerOutputTracker   : 
2022-03-16 22:57:01.456  INFO 8707 --- [v-server-output] c.v.b.devserver.DevServerOutputTracker   : Found 0 errors. Watching for file changes.
2022-03-16 22:57:02.292  INFO 8707 --- [v-server-output] c.v.b.devserver.DevServerOutputTracker   : 
2022-03-16 22:57:02.292  INFO 8707 --- [v-server-output] c.v.b.devserver.DevServerOutputTracker   : Found 0 errors. Watching for file changes.
2022-03-16 22:57:30.636  INFO 8707 --- [v-server-output] c.v.b.devserver.DevServerOutputTracker   : [vite] page reload views/helloworld/hello-world-view.ts
2022-03-16 22:57:30.955  INFO 8707 --- [v-server-output] c.v.b.devserver.DevServerOutputTracker   : 
2022-03-16 22:57:30.956  INFO 8707 --- [v-server-output] c.v.b.devserver.DevServerOutputTracker   : Found 0 errors. Watching for file changes.
2022-03-16 22:57:32.010  INFO 8707 --- [v-server-output] c.v.b.devserver.DevServerOutputTracker   : 
2022-03-16 22:57:32.010  INFO 8707 --- [v-server-output] c.v.b.devserver.DevServerOutputTracker   : Found 0 errors. Watching for file changes.
2022-03-16 22:58:06.940  INFO 8707 --- [v-server-output] c.v.b.devserver.DevServerOutputTracker   : [vite] page reload views/helloworld/hello-world-view.ts
2022-03-16 22:58:07.301  INFO 8707 --- [v-server-output] c.v.b.devserver.DevServerOutputTracker   : 
2022-03-16 22:58:07.301  INFO 8707 --- [v-server-output] c.v.b.devserver.DevServerOutputTracker   : Found 0 errors. Watching for file changes.
2022-03-16 22:58:08.323  INFO 8707 --- [v-server-output] c.v.b.devserver.DevServerOutputTracker   : 
2022-03-16 22:58:08.324  INFO 8707 --- [v-server-output] c.v.b.devserver.DevServerOutputTracker   : Found 0 errors. Watching for file changes.
2022-03-16 22:59:04.332  INFO 8707 --- [v-server-output] c.v.b.devserver.DevServerOutputTracker   : [vite] page reload views/helloworld/hello-world-view.ts
2022-03-16 22:59:04.834  INFO 8707 --- [v-server-output] c.v.b.devserver.DevServerOutputTracker   : 
2022-03-16 22:59:04.834  INFO 8707 --- [v-server-output] c.v.b.devserver.DevServerOutputTracker   : Found 0 errors. Watching for file changes.
2022-03-16 22:59:05.714  INFO 8707 --- [v-server-output] c.v.b.devserver.DevServerOutputTracker   : 
2022-03-16 22:59:05.714  INFO 8707 --- [v-server-output] c.v.b.devserver.DevServerOutputTracker   : Found 0 errors. Watching for file changes.
2022-03-16 23:00:09.844  INFO 8707 --- [v-server-output] c.v.b.devserver.DevServerOutputTracker   : [vite] page reload views/helloworld/hello-world-view.ts
2022-03-16 23:00:10.177  INFO 8707 --- [v-server-output] c.v.b.devserver.DevServerOutputTracker   : 
2022-03-16 23:00:10.177  INFO 8707 --- [v-server-output] c.v.b.devserver.DevServerOutputTracker   : Found 0 errors. Watching for file changes.
2022-03-16 23:00:11.216  INFO 8707 --- [v-server-output] c.v.b.devserver.DevServerOutputTracker   : 
2022-03-16 23:00:11.217  INFO 8707 --- [v-server-output] c.v.b.devserver.DevServerOutputTracker   : Found 0 errors. Watching for file changes.
2022-03-16 23:01:19.501  INFO 8707 --- [v-server-output] c.v.b.devserver.DevServerOutputTracker   : [vite] page reload views/helloworld/hello-world-view.ts
2022-03-16 23:01:20.007  INFO 8707 --- [v-server-output] c.v.b.devserver.DevServerOutputTracker   : 
2022-03-16 23:01:20.007  INFO 8707 --- [v-server-output] c.v.b.devserver.DevServerOutputTracker   : Found 0 errors. Watching for file changes.
2022-03-16 23:01:20.885  INFO 8707 --- [v-server-output] c.v.b.devserver.DevServerOutputTracker   : 
2022-03-16 23:01:20.885  INFO 8707 --- [v-server-output] c.v.b.devserver.DevServerOutputTracker   : Found 0 errors. Watching for file changes.
2022-03-16 23:02:44.902  INFO 8707 --- [v-server-output] c.v.b.devserver.DevServerOutputTracker   : [vite] page reload views/helloworld/hello-world-view.ts
2022-03-16 23:02:45.353  INFO 8707 --- [v-server-output] c.v.b.devserver.DevServerOutputTracker   : 
2022-03-16 23:02:45.353  INFO 8707 --- [v-server-output] c.v.b.devserver.DevServerOutputTracker   : Found 0 errors. Watching for file changes.
2022-03-16 23:02:46.296  INFO 8707 --- [v-server-output] c.v.b.devserver.DevServerOutputTracker   : 
2022-03-16 23:02:46.296  INFO 8707 --- [v-server-output] c.v.b.devserver.DevServerOutputTracker   : Found 0 errors. Watching for file changes.
2022-03-16 23:04:43.637  INFO 8707 --- [v-server-output] c.v.b.devserver.DevServerOutputTracker   : [vite] page reload views/helloworld/hello-world-view.ts
2022-03-16 23:04:44.145  INFO 8707 --- [v-server-output] c.v.b.devserver.DevServerOutputTracker   : 
2022-03-16 23:04:44.145  INFO 8707 --- [v-server-output] c.v.b.devserver.DevServerOutputTracker   : Found 0 errors. Watching for file changes.
2022-03-16 23:04:45.008  INFO 8707 --- [v-server-output] c.v.b.devserver.DevServerOutputTracker   : 
2022-03-16 23:04:45.008  INFO 8707 --- [v-server-output] c.v.b.devserver.DevServerOutputTracker   : Found 0 errors. Watching for file changes.
2022-03-16 23:05:33.085  INFO 8707 --- [v-server-output] c.v.b.devserver.DevServerOutputTracker   : [vite] page reload views/helloworld/hello-world-view.ts
2022-03-16 23:05:33.465  INFO 8707 --- [v-server-output] c.v.b.devserver.DevServerOutputTracker   : 
2022-03-16 23:05:33.465  INFO 8707 --- [v-server-output] c.v.b.devserver.DevServerOutputTracker   : Found 0 errors. Watching for file changes.
2022-03-16 23:05:34.497  INFO 8707 --- [v-server-output] c.v.b.devserver.DevServerOutputTracker   : 
2022-03-16 23:05:34.497  INFO 8707 --- [v-server-output] c.v.b.devserver.DevServerOutputTracker   : Found 0 errors. Watching for file changes.
2022-03-16 23:08:25.591  INFO 8707 --- [v-server-output] c.v.b.devserver.DevServerOutputTracker   : [vite] page reload views/helloworld/hello-world-view.ts
2022-03-16 23:08:26.123  INFO 8707 --- [v-server-output] c.v.b.devserver.DevServerOutputTracker   : 
2022-03-16 23:08:26.123  INFO 8707 --- [v-server-output] c.v.b.devserver.DevServerOutputTracker   : Found 0 errors. Watching for file changes.
2022-03-16 23:08:26.971  INFO 8707 --- [v-server-output] c.v.b.devserver.DevServerOutputTracker   : 
2022-03-16 23:08:26.971  INFO 8707 --- [v-server-output] c.v.b.devserver.DevServerOutputTracker   : Found 0 errors. Watching for file changes.
2022-03-16 23:09:21.479  INFO 8707 --- [v-server-output] c.v.b.devserver.DevServerOutputTracker   : [vite] page reload views/helloworld/hello-world-view.ts
2022-03-16 23:09:21.994  INFO 8707 --- [v-server-output] c.v.b.devserver.DevServerOutputTracker   : 
2022-03-16 23:09:21.994  INFO 8707 --- [v-server-output] c.v.b.devserver.DevServerOutputTracker   : Found 0 errors. Watching for file changes.
2022-03-16 23:09:22.860  INFO 8707 --- [v-server-output] c.v.b.devserver.DevServerOutputTracker   : 
2022-03-16 23:09:22.861  INFO 8707 --- [v-server-output] c.v.b.devserver.DevServerOutputTracker   : Found 0 errors. Watching for file changes.
2022-03-16 23:10:15.647  INFO 8707 --- [v-server-output] c.v.b.devserver.DevServerOutputTracker   : [vite] page reload views/helloworld/hello-world-view.ts
2022-03-16 23:10:16.087  INFO 8707 --- [v-server-output] c.v.b.devserver.DevServerOutputTracker   : 
2022-03-16 23:10:16.087  INFO 8707 --- [v-server-output] c.v.b.devserver.DevServerOutputTracker   : Found 0 errors. Watching for file changes.
2022-03-16 23:10:17.030  INFO 8707 --- [v-server-output] c.v.b.devserver.DevServerOutputTracker   : 
2022-03-16 23:10:17.030  INFO 8707 --- [v-server-output] c.v.b.devserver.DevServerOutputTracker   : Found 0 errors. Watching for file changes.
2022-03-16 23:11:05.923  INFO 8707 --- [v-server-output] c.v.b.devserver.DevServerOutputTracker   : [vite] page reload views/helloworld/hello-world-view.ts
2022-03-16 23:11:06.419  INFO 8707 --- [v-server-output] c.v.b.devserver.DevServerOutputTracker   : 
2022-03-16 23:11:06.419  INFO 8707 --- [v-server-output] c.v.b.devserver.DevServerOutputTracker   : Found 0 errors. Watching for file changes.
2022-03-16 23:11:07.217  INFO 8707 --- [v-server-output] c.v.b.devserver.DevServerOutputTracker   : 
2022-03-16 23:11:07.217  INFO 8707 --- [v-server-output] c.v.b.devserver.DevServerOutputTracker   : Found 0 errors. Watching for file changes.
2022-03-16 23:11:41.871  INFO 8707 --- [v-server-output] c.v.b.devserver.DevServerOutputTracker   : [vite] page reload views/helloworld/hello-world-view.ts
2022-03-16 23:11:42.245  INFO 8707 --- [v-server-output] c.v.b.devserver.DevServerOutputTracker   : 
2022-03-16 23:11:42.245  INFO 8707 --- [v-server-output] c.v.b.devserver.DevServerOutputTracker   : Found 0 errors. Watching for file changes.
2022-03-16 23:11:43.253  INFO 8707 --- [v-server-output] c.v.b.devserver.DevServerOutputTracker   : 
2022-03-16 23:11:43.253  INFO 8707 --- [v-server-output] c.v.b.devserver.DevServerOutputTracker   : Found 0 errors. Watching for file changes.
